<?xml version="1.0" encoding="UTF-8"?>
<!-- Generated by org.testng.reporters.JUnitReportReporter -->
<testsuite hostname="DESKTOP-MQO629T" failures="0" tests="1" name="tests.UpdateKpiTest" time="8.922" errors="0" timestamp="2022-05-11T12:38:48 EET" skipped="0">
  <testcase classname="tests.UpdateKpiTest" name="UserCanUpdateKpi" time="8.922"/>
  <system-out/>
</testsuite> <!-- tests.UpdateKpiTest -->
