<?xml version="1.0" encoding="UTF-8"?>
<!-- Generated by org.testng.reporters.JUnitReportReporter -->
<testsuite hostname="DESKTOP-MQO629T" failures="0" tests="1" name="tests.AddKPiSettingTest" time="10.112" errors="0" timestamp="2022-05-11T12:38:48 EET" skipped="0">
  <testcase classname="tests.AddKPiSettingTest" name="TestAdd_Kpis" time="10.112"/>
  <system-out/>
</testsuite> <!-- tests.AddKPiSettingTest -->
