<?xml version="1.0" encoding="UTF-8"?>
<!-- Generated by org.testng.reporters.JUnitReportReporter -->
<testsuite hostname="DESKTOP-MQO629T" failures="0" tests="1" name="tests.LoginTest" time="0.942" errors="0" timestamp="2022-05-11T12:39:00 EET" skipped="0">
  <testcase classname="tests.LoginTest" name="testsuccessfulllogin" time="0.942"/>
  <system-out/>
</testsuite> <!-- tests.LoginTest -->
